This is pdfTeX, Version 3.1415926-2.5-1.40.14 (MiKTeX 2.9) (preloaded format=pdflatex 2015.1.21)  17 APR 2015 17:05
entering extended mode
**example_to_thesis.tex
(C:\Users\patrick.bellositz\git\bakk\bakk\example_to_thesis.tex
LaTeX2e <2011/06/27>
Babel <v3.8m> and hyphenation patterns for english, afrikaans, ancientgreek, ar
abic, armenian, assamese, basque, bengali, bokmal, bulgarian, catalan, coptic, 
croatian, czech, danish, dutch, esperanto, estonian, farsi, finnish, french, ga
lician, german, german-x-2013-05-26, greek, gujarati, hindi, hungarian, iceland
ic, indonesian, interlingua, irish, italian, kannada, kurmanji, latin, latvian,
 lithuanian, malayalam, marathi, mongolian, mongolianlmc, monogreek, ngerman, n
german-x-2013-05-26, nynorsk, oriya, panjabi, pinyin, polish, portuguese, roman
ian, russian, sanskrit, serbian, slovak, slovenian, spanish, swedish, swissgerm
an, tamil, telugu, turkish, turkmen, ukenglish, ukrainian, uppersorbian, usengl
ishmax, welsh, loaded.
(C:\Users\patrick.bellositz\git\bakk\bakk\vutinfth.cls
Document Class: vutinfth 2014/11/25 v1.3 Vienna University of Technology Facult
y of Informatics thesis template

(C:\Users\patrick.bellositz\AppData\Roaming\MiKTeX\2.9\tex\latex\memoir\memoir.
cls
Document Class: memoir 2015/03/05 v3.7c configurable book, report, article docu
ment class
\onelineskip=\skip41
\lxvchars=\skip42
\xlvchars=\skip43
\@memcnta=\count79
\c@@memmarkcntra=\count80
\l@nohyphenation=\language69
("C:\Program Files (x86)\MiKTeX 2.9\tex\generic\oberdiek\ifpdf.sty"
Package: ifpdf 2011/01/30 v2.3 Provides the ifpdf switch (HO)
Package ifpdf Info: pdfTeX in PDF mode is detected.
)
(C:\Users\patrick.bellositz\AppData\Roaming\MiKTeX\2.9\tex\latex\ifetex\ifetex.
sty
Package: ifetex 2011/12/15 v1.2 ifetex

(C:\Users\patrick.bellositz\AppData\Roaming\MiKTeX\2.9\tex\plain\ifetex\ifetex.
tex)) ("C:\Program Files (x86)\MiKTeX 2.9\tex\generic\ifxetex\ifxetex.sty"
Package: ifxetex 2010/09/12 v0.6 Provides ifxetex conditional
)
("C:\Program Files (x86)\MiKTeX 2.9\tex\generic\oberdiek\ifluatex.sty"
Package: ifluatex 2010/03/01 v1.3 Provides the ifluatex switch (HO)
Package ifluatex Info: LuaTeX not detected.
)
\stockheight=\skip44
\stockwidth=\skip45
\trimtop=\skip46
\trimedge=\skip47

("C:\Program Files (x86)\MiKTeX 2.9\tex\latex\misc\etex.sty"
Package: etex 1998/03/26 v2.0 eTeX basic definition package (PEB)
\et@xins=\count81
)
(C:\Users\patrick.bellositz\AppData\Roaming\MiKTeX\2.9\tex\latex\memoir\mem11.c
lo
File: mem11.clo 2008/01/30 v0.3 memoir class 11pt size option
)
\binding=\skip48
\spinemargin=\skip49
\foremargin=\skip50
\uppermargin=\skip51
\lowermargin=\skip52
\headdrop=\skip53
\normalrulethickness=\skip54
\mem@maxheadheight=\skip55
\mem@maxfootheight=\skip56
\headwidth=\skip57
\c@storedpagenumber=\count82
\memPD=\dimen102
\m@mabparskip=\skip58
\thanksmarkwidth=\skip59
\thanksmarksep=\skip60
\droptitle=\skip61
\c@book=\count83
\c@part=\count84
\c@chapter=\count85
\c@section=\count86
\c@subsection=\count87
\c@subsubsection=\count88
\c@paragraph=\count89
\c@subparagraph=\count90
\beforechapskip=\skip62
\midchapskip=\skip63
\afterchapskip=\skip64
\chapindent=\skip65
\bottomsectionskip=\skip66
\secindent=\skip67
\beforesecskip=\skip68
\aftersecskip=\skip69
\subsecindent=\skip70
\beforesubsecskip=\skip71
\aftersubsecskip=\skip72
\subsubsecindent=\skip73
\beforesubsubsecskip=\skip74
\aftersubsubsecskip=\skip75
\paraindent=\skip76
\beforeparaskip=\skip77
\afterparaskip=\skip78
\subparaindent=\skip79
\beforesubparaskip=\skip80
\aftersubparaskip=\skip81
\pfbreakskip=\skip82
\c@@ppsavesec=\count91
\c@@ppsaveapp=\count92
\ragrparindent=\dimen103
\everylistparindent=\dimen104
\parsepi=\skip83
\topsepi=\skip84
\itemsepi=\skip85
\parsepii=\skip86
\topsepii=\skip87
\topsepiii=\skip88
\itemsepii=\skip89
\itemsepiii=\skip90
\partopsepii=\skip91
\partopsepiii=\skip92
\m@msavetopsep=\skip93
\m@msavepartopsep=\skip94
\@enLab=\toks14
\abstitleskip=\skip95
\absleftindent=\skip96
\abs@leftindent=\dimen105
\absrightindent=\skip97
\absparindent=\skip98
\absparsep=\skip99
\c@vslineno=\count93
\c@poemline=\count94
\c@modulo@vs=\count95
\c@memfvsline=\count96
\vleftskip=\skip100
\vrightskip=\skip101
\stanzaskip=\skip102
\versewidth=\skip103
\vgap=\skip104
\vindent=\skip105
\vleftmargin=\dimen106
\c@verse=\count97
\c@chrsinstr=\count98
\beforepoemtitleskip=\skip106
\afterpoemtitleskip=\skip107
\c@poem=\count99
\beforePoemTitleskip=\skip108
\midPoemTitleskip=\skip109
\afterPoemTitleskip=\skip110
\col@sep=\dimen107
\extrarowheight=\dimen108
\NC@list=\toks15
\extratabsurround=\skip111
\backup@length=\skip112
\TX@col@width=\dimen109
\TX@old@table=\dimen110
\TX@old@col=\dimen111
\TX@target=\dimen112
\TX@delta=\dimen113
\TX@cols=\count100
\TX@ftn=\toks16
\heavyrulewidth=\dimen114
\lightrulewidth=\dimen115
\cmidrulewidth=\dimen116
\belowrulesep=\dimen117
\belowbottomsep=\dimen118
\aboverulesep=\dimen119
\abovetopsep=\dimen120
\cmidrulesep=\dimen121
\cmidrulekern=\dimen122
\defaultaddspace=\dimen123
\@cmidla=\count101
\@cmidlb=\count102
\@aboverulesep=\dimen124
\@belowrulesep=\dimen125
\@thisruleclass=\count103
\@lastruleclass=\count104
\@thisrulewidth=\dimen126
\ctableftskip=\skip113
\ctabrightskip=\skip114
\abovecolumnspenalty=\count105
\@linestogo=\count106
\@cellstogo=\count107
\@cellsincolumn=\count108
\crtok=\toks17
\@mincolumnwidth=\dimen127
\c@newflo@tctr=\count109
\mem@margin@floatbox=\box26
\@contcwidth=\skip115
\@contindw=\skip116
\abovecaptionskip=\skip117
\belowcaptionskip=\skip118
\subfloattopskip=\skip119
\subfloatcapskip=\skip120
\subfloatcaptopadj=\skip121
\subfloatbottomskip=\skip122
\subfloatlabelskip=\skip123
\subfloatcapmargin=\dimen128
\c@@contsubnum=\count110
\m@mscap@capbox=\box27
\m@mscap@fbox=\box28
\sidecapsep=\dimen129
\sidecapwidth=\dimen130
\m@m@tempdima=\dimen131
\m@mscapraise=\dimen132
\sidecapraise=\dimen133
\m@mscapmainwidth=\dimen134
\m@mscaplkern=\dimen135
\beforeepigraphskip=\skip124
\afterepigraphskip=\skip125
\epigraphwidth=\skip126
\epigraphrule=\skip127
LaTeX Info: Redefining \em on input line 7514.
LaTeX Info: Redefining \emph on input line 7522.
\tocentryskip=\skip128
\tocbaseline=\skip129
\cftparskip=\skip130
\cftbeforebookskip=\skip131
\cftbookindent=\dimen136
\cftbooknumwidth=\dimen137
\cftbeforepartskip=\skip132
\cftpartindent=\skip133
\cftpartnumwidth=\skip134
\cftbeforechapterskip=\skip135
\cftchapterindent=\skip136
\cftchapternumwidth=\skip137
\cftbeforesectionskip=\skip138
\cftsectionindent=\skip139
\cftsectionnumwidth=\skip140
\cftbeforesubsectionskip=\skip141
\cftsubsectionindent=\skip142
\cftsubsectionnumwidth=\skip143
\cftbeforesubsubsectionskip=\skip144
\cftsubsubsectionindent=\skip145
\cftsubsubsectionnumwidth=\skip146
\cftbeforeparagraphskip=\skip147
\cftparagraphindent=\skip148
\cftparagraphnumwidth=\skip149
\cftbeforesubparagraphskip=\skip150
\cftsubparagraphindent=\skip151
\cftsubparagraphnumwidth=\skip152
\prechapterprecisshift=\dimen138
\c@maxsecnumdepth=\count111
\bibindent=\dimen139
\bibitemsep=\skip153
\indexcolsep=\skip154
\indexrule=\skip155
\indexmarkstyle=\toks18
\@indexbox=\insert233
\glossarycolsep=\dimen140
\glossaryrule=\dimen141
\sideparvshift=\skip156
\sideins=\insert232
\sidebartopsep=\skip157
\sidebarhsep=\skip158
\sidebarvsep=\skip159
\sidebarwidth=\skip160
\footmarkwidth=\skip161
\footmarksep=\skip162
\footparindent=\skip163
\footinsdim=\skip164
\footinsv@r=\insert231
\@mpfootinsv@r=\insert230
\m@m@k=\count112
\m@m@h=\dimen142
\m@mipn@skip=\skip165
\sidefootins=\insert229
\sidefootadjust=\skip166
\sidefootheight=\skip167
\sidefoothsep=\skip168
\sidefootvsep=\skip169
\sidefootwidth=\skip170
\m@mdownsf=\skip171
\c@sidefootnote=\count113
\sidefootmarkwidth=\skip172
\sidefootmarksep=\skip173
\sidefootparindent=\skip174
\c@pagenote=\count114
\c@pagenoteshadow=\count115
\mem@pn@lastkern=\skip175
\every@verbatim=\toks19
\afterevery@verbatim=\toks20
\verbatim@line=\toks21
\tab@position=\count116
\verbatim@in@stream=\read1
\verbatimindent=\skip176
\verbatim@out=\write3
\bvboxsep=\skip177
\c@memfbvline=\count117
\c@bvlinectr=\count118
\bvnumlength=\skip178
\fb@frw=\dimen143
\fb@frh=\dimen144
\FrameRule=\dimen145
\FrameSep=\dimen146
\c@cp@cntr=\count119
LaTeX Info: Redefining \: on input line 11980.
LaTeX Info: Redefining \! on input line 11982.
\c@ism@mctr=\count120
\c@xsm@mctr=\count121
\c@csm@mctr=\count122
\c@ksm@mctr=\count123
\c@xksm@mctr=\count124
\c@cksm@mctr=\count125
\c@msm@mctr=\count126
\c@xmsm@mctr=\count127
\c@cmsm@mctr=\count128
\c@bsm@mctr=\count129
\c@workm@mctr=\count130
\c@sheetsequence=\count131
\c@lastsheet=\count132
\c@lastpage=\count133
\c@figure=\count134
\c@lofdepth=\count135
\cftbeforefigureskip=\skip179
\cftfigureindent=\skip180
\cftfigurenumwidth=\skip181
\c@table=\count136
\c@lotdepth=\count137
\cftbeforetableskip=\skip182
\cfttableindent=\skip183
\cfttablenumwidth=\skip184
Package abstract [2008/07/23] emulated by memoir.
Package appendix [2008/07/23] emulated by memoir.
Package array [2008/09/09] emulated by memoir.
Package booktabs [2008/07/23] emulated by memoir.
Package ccaption [2008/07/23] emulated by memoir.
Package changepage [2008/07/23] emulated by memoir.
Package chngcntr [2008/07/23] emulated by memoir.
Package chngpage [2008/07/23] emulated by memoir.
Package crop emulated by memoir.
Package dcolumn [2008/07/23] emulated by memoir.
Package delarray [2008/07/23] emulated by memoir.
Package enumerate [2008/07/23] emulated by memoir.
Package epigraph [2008/07/23] emulated by memoir.
Package ifmtarg [2008/07/23] emulated by memoir.
Package index [2008/07/23] emulated by memoir.
Package makeidx [2008/07/23] emulated by memoir.
Package moreverb [2008/07/23] emulated by memoir.
Package mparhack [2008/07/23] emulated by memoir.
Package needspace [2008/07/23] emulated by memoir.
Package newfile [2008/07/23] emulated by memoir.
Package nextpage [2008/07/23] emulated by memoir.
Package pagenote [2008/07/23] emulated by memoir.
Package parskip [2008/07/23] emulated by memoir.
Package patchcmd [2008/07/23] emulated by memoir.
Package setspace [2008/07/23] emulated by memoir.
Package shortvrb [2008/07/23] emulated by memoir.
Package showidx [2008/07/23] emulated by memoir.
Package tabularx [2008/07/23] emulated by memoir.
Package titleref [2008/07/23] emulated by memoir.
Package titling [2008/07/23] emulated by memoir.
Package tocbibind [2008/07/23] emulated by memoir.
Package tocloft [2008/07/23] emulated by memoir.
Package tocvsec2 [2008/07/23] emulated by memoir.
Package verbatim [2008/07/23] emulated by memoir.
Package verse [2008/07/23] emulated by memoir.

(C:\Users\patrick.bellositz\AppData\Roaming\MiKTeX\2.9\tex\latex\memoir\mempatc
h.sty
Package: mempatch 2009/07/24 v6.0f Patches for memoir class v1.6180339
)) ("C:\Program Files (x86)\MiKTeX 2.9\tex\latex\psnfss\helvet.sty"
Package: helvet 2005/04/12 PSNFSS-v9.2a (WaS) 

("C:\Program Files (x86)\MiKTeX 2.9\tex\latex\graphics\keyval.sty"
Package: keyval 1999/03/16 v1.13 key=value parser (DPC)
\KV@toks@=\toks22
))
("C:\Program Files (x86)\MiKTeX 2.9\tex\latex\lm\lmodern.sty"
Package: lmodern 2009/10/30 v1.6 Latin Modern Fonts
LaTeX Font Info:    Overwriting symbol font `operators' in version `normal'
(Font)                  OT1/cmr/m/n --> OT1/lmr/m/n on input line 22.
LaTeX Font Info:    Overwriting symbol font `letters' in version `normal'
(Font)                  OML/cmm/m/it --> OML/lmm/m/it on input line 23.
LaTeX Font Info:    Overwriting symbol font `symbols' in version `normal'
(Font)                  OMS/cmsy/m/n --> OMS/lmsy/m/n on input line 24.
LaTeX Font Info:    Overwriting symbol font `largesymbols' in version `normal'
(Font)                  OMX/cmex/m/n --> OMX/lmex/m/n on input line 25.
LaTeX Font Info:    Overwriting symbol font `operators' in version `bold'
(Font)                  OT1/cmr/bx/n --> OT1/lmr/bx/n on input line 26.
LaTeX Font Info:    Overwriting symbol font `letters' in version `bold'
(Font)                  OML/cmm/b/it --> OML/lmm/b/it on input line 27.
LaTeX Font Info:    Overwriting symbol font `symbols' in version `bold'
(Font)                  OMS/cmsy/b/n --> OMS/lmsy/b/n on input line 28.
LaTeX Font Info:    Overwriting symbol font `largesymbols' in version `bold'
(Font)                  OMX/cmex/m/n --> OMX/lmex/m/n on input line 29.
LaTeX Font Info:    Overwriting math alphabet `\mathbf' in version `normal'
(Font)                  OT1/cmr/bx/n --> OT1/lmr/bx/n on input line 31.
LaTeX Font Info:    Overwriting math alphabet `\mathsf' in version `normal'
(Font)                  OT1/cmss/m/n --> OT1/lmss/m/n on input line 32.
LaTeX Font Info:    Overwriting math alphabet `\mathit' in version `normal'
(Font)                  OT1/cmr/m/it --> OT1/lmr/m/it on input line 33.
LaTeX Font Info:    Overwriting math alphabet `\mathtt' in version `normal'
(Font)                  OT1/cmtt/m/n --> OT1/lmtt/m/n on input line 34.
LaTeX Font Info:    Overwriting math alphabet `\mathbf' in version `bold'
(Font)                  OT1/cmr/bx/n --> OT1/lmr/bx/n on input line 35.
LaTeX Font Info:    Overwriting math alphabet `\mathsf' in version `bold'
(Font)                  OT1/cmss/bx/n --> OT1/lmss/bx/n on input line 36.
LaTeX Font Info:    Overwriting math alphabet `\mathit' in version `bold'
(Font)                  OT1/cmr/bx/it --> OT1/lmr/bx/it on input line 37.
LaTeX Font Info:    Overwriting math alphabet `\mathtt' in version `bold'
(Font)                  OT1/cmtt/m/n --> OT1/lmtt/m/n on input line 38.
)
("C:\Program Files (x86)\MiKTeX 2.9\tex\latex\psnfss\courier.sty"
Package: courier 2005/04/12 PSNFSS-v9.2a (WaS) 
)
("C:\Program Files (x86)\MiKTeX 2.9\tex\latex\base\fontenc.sty"
Package: fontenc 2005/09/27 v1.99g Standard LaTeX package

("C:\Program Files (x86)\MiKTeX 2.9\tex\latex\base\t1enc.def"
File: t1enc.def 2005/09/27 v1.99g Standard LaTeX file
LaTeX Font Info:    Redeclaring font encoding T1 on input line 43.
))
("C:\Program Files (x86)\MiKTeX 2.9\tex\generic\babel\babel.sty"
Package: babel 2008/07/08 v3.8m The Babel package

*************************************
* Local config file bblopts.cfg used
*
("C:\Program Files (x86)\MiKTeX 2.9\tex\latex\00miktex\bblopts.cfg"
File: bblopts.cfg 2006/07/31 v1.0 MiKTeX 'babel' configuration
)
(C:\Users\patrick.bellositz\AppData\Roaming\MiKTeX\2.9\tex\latex\babel-english\
english.ldf
Language: english 2012/08/20 v3.3p English support from the babel system
 ("C:\Program Files (x86)\MiKTeX 2.9\tex\generic\babel\babel.def"
File: babel.def 2008/07/08 v3.8m Babel common definitions
\babel@savecnt=\count138
\U@D=\dimen147
)
\l@canadian = a dialect from \language\l@american 
\l@australian = a dialect from \language\l@british 
\l@newzealand = a dialect from \language\l@british 
)
(C:\Users\patrick.bellositz\AppData\Roaming\MiKTeX\2.9\tex\latex\babel-german\n
germanb.ldf
Language: ngermanb 2013/12/13 v2.7 German support for babel (new orthography)
\l@naustrian = a dialect from \language\l@ngerman 
\l@nswissgerman = a dialect from \language\l@ngerman 
Package babel Info: Making " an active character on input line 88.
))
(C:\Users\patrick.bellositz\AppData\Roaming\MiKTeX\2.9\tex\latex\datetime\datet
ime.sty
Package: datetime 2013/09/10 v2.59 Date Time Package

(C:\Users\patrick.bellositz\AppData\Roaming\MiKTeX\2.9\tex\latex\etoolbox\etool
box.sty
Package: etoolbox 2015/03/19 v2.1d e-TeX tools for LaTeX (JAW)
\etb@tempcnta=\count139
)
(C:\Users\patrick.bellositz\AppData\Roaming\MiKTeX\2.9\tex\latex\fmtcount\fmtco
unt.sty
Package: fmtcount 2014/07/18 v3.00
 ("C:\Program Files (x86)\MiKTeX 2.9\tex\latex\base\ifthen.sty"
Package: ifthen 2001/05/26 v1.1c Standard LaTeX ifthen package (DPC)
)
(C:\Users\patrick.bellositz\AppData\Roaming\MiKTeX\2.9\tex\latex\fmtcount\fcpre
fix.sty
Package: fcprefix 2012/09/28

(C:\Users\patrick.bellositz\AppData\Roaming\MiKTeX\2.9\tex\latex\fmtcount\fcnum
parser.sty
Package: fcnumparser 2012/09/28
\fc@digit@counter=\count140
)) ("C:\Program Files (x86)\MiKTeX 2.9\tex\latex\amsmath\amsgen.sty"
File: amsgen.sty 1999/11/30 v2.0
\@emptytoks=\toks23
\ex@=\dimen148
)
\c@padzeroesN=\count141
\fc@tmpcatcode=\count142

(C:\Users\patrick.bellositz\AppData\Roaming\MiKTeX\2.9\tex\latex\fmtcount\fc-en
glish.def
File: fc-english.def 2013/08/17
)
(C:\Users\patrick.bellositz\AppData\Roaming\MiKTeX\2.9\tex\latex\fmtcount\fc-ng
ermanb.def
File: fc-ngermanb.def 2013/08/17

(C:\Users\patrick.bellositz\AppData\Roaming\MiKTeX\2.9\tex\latex\fmtcount\fc-ge
rman.def
File: fc-german.def 2014/06/09

(C:\Users\patrick.bellositz\AppData\Roaming\MiKTeX\2.9\tex\latex\fmtcount\fc-ge
rmanb.def
File: fc-germanb.def 2013/08/17
))
(C:\Users\patrick.bellositz\AppData\Roaming\MiKTeX\2.9\tex\latex\fmtcount\fc-ng
erman.def
File: fc-ngerman.def 2012/06/18
))
\@DT@modctr=\count143
\@ordinalctr=\count144
\@orgargctr=\count145
\@strctr=\count146
\@tmpstrctr=\count147
\@DT@loopN=\count148
\@DT@X=\count149


Package fmtcount Warning: \ordinal already defined use \FCordinal instead. on i
nput line 489.

)
(C:\Users\patrick.bellositz\AppData\Roaming\MiKTeX\2.9\tex\latex\datetime\datet
ime-defaults.sty
Package: datetime-defaults 2013/09/10
)
\@day=\count150
\@month=\count151
\@year=\count152
\c@HOUR=\count153
\c@HOURXII=\count154
\c@MINUTE=\count155
\c@TOHOUR=\count156
\c@TOMINUTE=\count157
\c@SECOND=\count158
\currenthour=\count159
\currentminute=\count160
\currentsecond=\count161
Package datetime Info: No datetime.cfg file found, using default settings on in
put line 308.
\@dtctr=\count162
\dayofyear=\count163
\dayofweek=\count164
LaTeX Info: Redefining \today on input line 736.

(C:\Users\patrick.bellositz\AppData\Roaming\MiKTeX\2.9\tex\latex\datetime\dt-na
ustrian.def
File: dt-naustrian.def 2013/09/10
LaTeX Info: Redefining \datenaustrian on input line 64.
)
(C:\Users\patrick.bellositz\AppData\Roaming\MiKTeX\2.9\tex\latex\datetime\dt-ng
erman.def
File: dt-ngerman.def 2013/09/10
LaTeX Info: Redefining \datengerman on input line 86.
)
\dt@a=\toks24
\dt@b=\toks25
) ("C:\Program Files (x86)\MiKTeX 2.9\tex\latex\geometry\geometry.sty"
Package: geometry 2010/09/12 v5.6 Page Geometry
 ("C:\Program Files (x86)\MiKTeX 2.9\tex\generic\oberdiek\ifvtex.sty"
Package: ifvtex 2010/03/01 v1.5 Detect VTeX and its facilities (HO)
Package ifvtex Info: VTeX not detected.
)
\Gm@cnth=\count165
\Gm@cntv=\count166
\c@Gm@tempcnt=\count167
\Gm@bindingoffset=\dimen149
\Gm@wd@mp=\dimen150
\Gm@odd@mp=\dimen151
\Gm@even@mp=\dimen152
\Gm@layoutwidth=\dimen153
\Gm@layoutheight=\dimen154
\Gm@layouthoffset=\dimen155
\Gm@layoutvoffset=\dimen156
\Gm@dimlist=\toks26

("C:\Program Files (x86)\MiKTeX 2.9\tex\latex\geometry\geometry.cfg"))
("C:\Program Files (x86)\MiKTeX 2.9\tex\latex\tools\calc.sty"
Package: calc 2007/08/22 v4.3 Infix arithmetic (KKT,FJ)
\calc@Acount=\count168
\calc@Bcount=\count169
\calc@Adimen=\dimen157
\calc@Bdimen=\dimen158
\calc@Askip=\skip185
\calc@Bskip=\skip186
LaTeX Info: Redefining \setlength on input line 76.
LaTeX Info: Redefining \addtolength on input line 77.
\calc@Ccount=\count170
\calc@Cskip=\skip187
)
("C:\Program Files (x86)\MiKTeX 2.9\tex\latex\graphics\graphicx.sty"
Package: graphicx 1999/02/16 v1.0f Enhanced LaTeX Graphics (DPC,SPQR)

("C:\Program Files (x86)\MiKTeX 2.9\tex\latex\graphics\graphics.sty"
Package: graphics 2009/02/05 v1.0o Standard LaTeX Graphics (DPC,SPQR)

("C:\Program Files (x86)\MiKTeX 2.9\tex\latex\graphics\trig.sty"
Package: trig 1999/03/16 v1.09 sin cos tan (DPC)
)
("C:\Program Files (x86)\MiKTeX 2.9\tex\latex\00miktex\graphics.cfg"
File: graphics.cfg 2007/01/18 v1.5 graphics configuration of teTeX/TeXLive
)
Package graphics Info: Driver file: pdftex.def on input line 91.

("C:\Program Files (x86)\MiKTeX 2.9\tex\latex\pdftex-def\pdftex.def"
File: pdftex.def 2011/05/27 v0.06d Graphics/color for pdfTeX

("C:\Program Files (x86)\MiKTeX 2.9\tex\generic\oberdiek\infwarerr.sty"
Package: infwarerr 2010/04/08 v1.3 Providing info/warning/error messages (HO)
)
("C:\Program Files (x86)\MiKTeX 2.9\tex\generic\oberdiek\ltxcmds.sty"
Package: ltxcmds 2011/11/09 v1.22 LaTeX kernel commands for general use (HO)
)
\Gread@gobject=\count171
))
\Gin@req@height=\dimen159
\Gin@req@width=\dimen160
)
\vutinfth@tmp@parindent=\skip188
\vutinfth@tmp@baselineskip=\skip189
\vutinfth@tmp@parskip=\skip190
\vutinfth@header@placement=\skip191
\vutinfth@bar@width=\skip192
\vutinfth@bar@height=\skip193
\vutinfth@bar@pivot@x=\skip194
\vutinfth@bar@pivot@y=\skip195
\vutinfth@logo@height=\skip196
\vutinfth@logo@pivot@x=\skip197
\vutinfth@logo@pivot@y=\skip198
\vutinfth@logo@offset@height=\skip199
\vutinfth@logo@offset@x=\skip200
\vutinfth@logo@offset@y=\skip201
\vutinfth@bigskipamount=\skip202
\vutinfth@signature@height=\skip203
\vutinfth@signature@width=\skip204
\vutinfth@placedate@width=\skip205
)
("C:\Program Files (x86)\MiKTeX 2.9\tex\latex\base\fixltx2e.sty"
Package: fixltx2e 2006/09/13 v1.1m fixes to LaTeX
LaTeX Info: Redefining \em on input line 420.
LaTeX Info: Redefining \textsubscript on input line 424.
)
("C:\Program Files (x86)\MiKTeX 2.9\tex\latex\amsmath\amsmath.sty"
Package: amsmath 2013/01/14 v2.14 AMS math features
\@mathmargin=\skip206

For additional information on amsmath, use the `?' option.
("C:\Program Files (x86)\MiKTeX 2.9\tex\latex\amsmath\amstext.sty"
Package: amstext 2000/06/29 v2.01
)
("C:\Program Files (x86)\MiKTeX 2.9\tex\latex\amsmath\amsbsy.sty"
Package: amsbsy 1999/11/29 v1.2d
\pmbraise@=\dimen161
)
("C:\Program Files (x86)\MiKTeX 2.9\tex\latex\amsmath\amsopn.sty"
Package: amsopn 1999/12/14 v2.01 operator names
)
\inf@bad=\count172
LaTeX Info: Redefining \frac on input line 210.
\uproot@=\count173
\leftroot@=\count174
LaTeX Info: Redefining \overline on input line 306.
\classnum@=\count175
\DOTSCASE@=\count176
LaTeX Info: Redefining \ldots on input line 378.
LaTeX Info: Redefining \dots on input line 381.
LaTeX Info: Redefining \cdots on input line 466.
\Mathstrutbox@=\box29
\strutbox@=\box30
\big@size=\dimen162
LaTeX Font Info:    Redeclaring font encoding OML on input line 566.
LaTeX Font Info:    Redeclaring font encoding OMS on input line 567.
\macc@depth=\count177
\c@MaxMatrixCols=\count178
\dotsspace@=\muskip10
\c@parentequation=\count179
\dspbrk@lvl=\count180
\tag@help=\toks27
\row@=\count181
\column@=\count182
\maxfields@=\count183
\andhelp@=\toks28
\eqnshift@=\dimen163
\alignsep@=\dimen164
\tagshift@=\dimen165
\tagwidth@=\dimen166
\totwidth@=\dimen167
\lineht@=\dimen168
\@envbody=\toks29
\multlinegap=\skip207
\multlinetaggap=\skip208
\mathdisplay@stack=\toks30
LaTeX Info: Redefining \[ on input line 2665.
LaTeX Info: Redefining \] on input line 2666.
)
("C:\Program Files (x86)\MiKTeX 2.9\tex\latex\amsfonts\amssymb.sty"
Package: amssymb 2013/01/14 v3.01 AMS font symbols

("C:\Program Files (x86)\MiKTeX 2.9\tex\latex\amsfonts\amsfonts.sty"
Package: amsfonts 2013/01/14 v3.01 Basic AMSFonts support
\symAMSa=\mathgroup4
\symAMSb=\mathgroup5
LaTeX Font Info:    Overwriting math alphabet `\mathfrak' in version `bold'
(Font)                  U/euf/m/n --> U/euf/b/n on input line 106.
))
("C:\Program Files (x86)\MiKTeX 2.9\tex\latex\mathtools\mathtools.sty"
Package: mathtools 2014/07/16 v1.15 mathematical typesetting tools

("C:\Program Files (x86)\MiKTeX 2.9\tex\latex\mathtools\mhsetup.sty"
Package: mhsetup 2010/01/21 v1.2a programming setup (MH)
)
LaTeX Info: Thecontrolsequence`\('isalreadyrobust on input line 129.
LaTeX Info: Thecontrolsequence`\)'isalreadyrobust on input line 129.
LaTeX Info: Thecontrolsequence`\['isalreadyrobust on input line 129.
LaTeX Info: Thecontrolsequence`\]'isalreadyrobust on input line 129.
\g_MT_multlinerow_int=\count184
\l_MT_multwidth_dim=\dimen169
\origjot=\skip209
\l_MT_shortvdotswithinadjustabove_dim=\dimen170
\l_MT_shortvdotswithinadjustbelow_dim=\dimen171
\l_MT_above_intertext_sep=\dimen172
\l_MT_below_intertext_sep=\dimen173
\l_MT_above_shortintertext_sep=\dimen174
\l_MT_below_shortintertext_sep=\dimen175
)
(C:\Users\patrick.bellositz\AppData\Roaming\MiKTeX\2.9\tex\latex\microtype\micr
otype.sty
Package: microtype 2013/05/23 v2.5a Micro-typographical refinements (RS)
\MT@toks=\toks31
\MT@count=\count185
LaTeX Info: Redefining \textls on input line 766.
\MT@outer@kern=\dimen176
LaTeX Info: Redefining \textmicrotypecontext on input line 1285.
\MT@listname@count=\count186

(C:\Users\patrick.bellositz\AppData\Roaming\MiKTeX\2.9\tex\latex\microtype\micr
otype-pdftex.def
File: microtype-pdftex.def 2013/05/23 v2.5a Definitions specific to pdftex (RS)

LaTeX Info: Redefining \lsstyle on input line 915.
LaTeX Info: Redefining \lslig on input line 915.
\MT@outer@space=\skip210
)
Package microtype Info: Loading configuration file microtype.cfg.

(C:\Users\patrick.bellositz\AppData\Roaming\MiKTeX\2.9\tex\latex\microtype\micr
otype.cfg
File: microtype.cfg 2013/05/23 v2.5a microtype main configuration file (RS)
))
(C:\Users\patrick.bellositz\AppData\Roaming\MiKTeX\2.9\tex\latex\enumitem\enumi
tem.sty
Package: enumitem 2011/09/28 v3.5.2 Customized lists
\labelindent=\skip211
\enit@outerparindent=\dimen177
\enit@toks=\toks32
\enit@inbox=\box31
\enitdp@description=\count187
) ("C:\Program Files (x86)\MiKTeX 2.9\tex\latex\multirow\multirow.sty"
\bigstrutjot=\dimen178
)
(C:\Users\patrick.bellositz\AppData\Roaming\MiKTeX\2.9\tex\latex\algorithm2e\al
gorithm2e.sty
Package: algorithm2e 2013/01/06 v5.00 algorithms environments
\c@AlgoLine=\count188
 ("C:\Program Files (x86)\MiKTeX 2.9\tex\latex\tools\xspace.sty"
Package: xspace 2009/10/20 v1.13 Space after command names (DPC,MH)
)
("C:\Program Files (x86)\MiKTeX 2.9\tex\latex\ltxmisc\relsize.sty"
Package: relsize 2003/07/04 ver 3.1
)
********************************************************
Package `algorithm2e' Release 5.0 -- january 06 2013 --
- algorithm2e-announce@lirmm.fr mailing list for announcement about releases
- algorithm2e-discussion@lirmm.fr mailing list for discussion about package
subscribe by emailing sympa@lirmm.fr with 'subscribe <list> <firstname name>'
- Author: Christophe Fiorio (cfiorio@um2.fr)
********************************************************
\skiptotal=\skip212
\skiplinenumber=\skip213
\skiprule=\skip214
\skiphlne=\skip215
\skiptext=\skip216
\skiplength=\skip217
\algomargin=\skip218
\skipalgocfslide=\skip219
\algowidth=\dimen179
\inoutsize=\dimen180
\inoutindent=\dimen181
\interspacetitleruled=\dimen182
\interspacealgoruled=\dimen183
\interspacetitleboxruled=\dimen184
\algocf@inoutbox=\box32
\algocf@inputbox=\box33
\AlCapSkip=\skip220
\AlCapHSkip=\skip221
\algoskipindent=\skip222
\algocf@nlbox=\box34
\algocf@hangingbox=\box35
\algocf@untilbox=\box36
\algocf@skipuntil=\skip223
\algocf@capbox=\box37
\algoheightruledefault=\skip224
\algoheightrule=\skip225
\algotitleheightruledefault=\skip226
\algotitleheightrule=\skip227
\c@algocfline=\count189
\c@algocfproc=\count190
\c@algocf=\count191
\algocf@algoframe=\box38
\algocf@algobox=\box39
) (C:\Users\patrick.bellositz\AppData\Roaming\MiKTeX\2.9\tex\latex\nag\nag.sty
Package: nag 2011/11/25 0.7 warning about old commands (ulmi)
\c@nag@c=\count192
\c@nag@sins=\count193
) ("C:\Program Files (x86)\MiKTeX 2.9\tex\latex\hyperref\hyperref.sty"
Package: hyperref 2012/11/06 v6.83m Hypertext links for LaTeX

("C:\Program Files (x86)\MiKTeX 2.9\tex\generic\oberdiek\hobsub-hyperref.sty"
Package: hobsub-hyperref 2012/04/25 v1.12 Bundle oberdiek, subset hyperref (HO)


("C:\Program Files (x86)\MiKTeX 2.9\tex\generic\oberdiek\hobsub-generic.sty"
Package: hobsub-generic 2012/04/25 v1.12 Bundle oberdiek, subset generic (HO)
Package: hobsub 2012/04/25 v1.12 Construct package bundles (HO)
Package hobsub Info: Skipping package `infwarerr' (already loaded).
Package hobsub Info: Skipping package `ltxcmds' (already loaded).
Package hobsub Info: Skipping package `ifluatex' (already loaded).
Package hobsub Info: Skipping package `ifvtex' (already loaded).
Package: intcalc 2007/09/27 v1.1 Expandable calculations with integers (HO)
Package hobsub Info: Skipping package `ifpdf' (already loaded).
Package: etexcmds 2011/02/16 v1.5 Avoid name clashes with e-TeX commands (HO)
Package etexcmds Info: Could not find \expanded.
(etexcmds)             That can mean that you are not using pdfTeX 1.50 or
(etexcmds)             that some package has redefined \expanded.
(etexcmds)             In the latter case, load this package earlier.
Package: kvsetkeys 2012/04/25 v1.16 Key value parser (HO)
Package: kvdefinekeys 2011/04/07 v1.3 Define keys (HO)
Package: pdftexcmds 2011/11/29 v0.20 Utility functions of pdfTeX for LuaTeX (HO
)
Package pdftexcmds Info: LuaTeX not detected.
Package pdftexcmds Info: \pdf@primitive is available.
Package pdftexcmds Info: \pdf@ifprimitive is available.
Package pdftexcmds Info: \pdfdraftmode found.
Package: pdfescape 2011/11/25 v1.13 Implements pdfTeX's escape features (HO)
Package: bigintcalc 2012/04/08 v1.3 Expandable calculations on big integers (HO
)
Package: bitset 2011/01/30 v1.1 Handle bit-vector datatype (HO)
Package: uniquecounter 2011/01/30 v1.2 Provide unlimited unique counter (HO)
)
Package hobsub Info: Skipping package `hobsub' (already loaded).
Package: letltxmacro 2010/09/02 v1.4 Let assignment for LaTeX macros (HO)
Package: hopatch 2011/06/24 v1.1 Wrapper for package hooks (HO)
Package: xcolor-patch 2011/01/30 xcolor patch
Package: atveryend 2011/06/30 v1.8 Hooks at the very end of document (HO)
Package: atbegshi 2011/10/05 v1.16 At begin shipout hook (HO)
Package: refcount 2011/10/16 v3.4 Data extraction from label references (HO)
Package: hycolor 2011/01/30 v1.7 Color options for hyperref/bookmark (HO)
)
("C:\Program Files (x86)\MiKTeX 2.9\tex\latex\oberdiek\auxhook.sty"
Package: auxhook 2011/03/04 v1.3 Hooks for auxiliary files (HO)
)
("C:\Program Files (x86)\MiKTeX 2.9\tex\latex\oberdiek\kvoptions.sty"
Package: kvoptions 2011/06/30 v3.11 Key value format for package options (HO)
)
\@linkdim=\dimen185
\Hy@linkcounter=\count194
\Hy@pagecounter=\count195

("C:\Program Files (x86)\MiKTeX 2.9\tex\latex\hyperref\pd1enc.def"
File: pd1enc.def 2012/11/06 v6.83m Hyperref: PDFDocEncoding definition (HO)
)
\Hy@SavedSpaceFactor=\count196

("C:\Program Files (x86)\MiKTeX 2.9\tex\latex\00miktex\hyperref.cfg"
File: hyperref.cfg 2002/06/06 v1.2 hyperref configuration of TeXLive
)
Package hyperref Info: Option `draft' set `true' on input line 4319.
Package hyperref Info: Option `final' set `true' on input line 4319.
Package hyperref Info: Hyper figures OFF on input line 4443.
Package hyperref Info: Link nesting OFF on input line 4448.
Package hyperref Info: Hyper index ON on input line 4451.
Package hyperref Info: Plain pages OFF on input line 4458.
Package hyperref Info: Backreferencing OFF on input line 4463.
Package hyperref Info: Implicit mode ON; LaTeX internals redefined.
Package hyperref Info: Bookmarks ON on input line 4688.
\c@Hy@tempcnt=\count197

(C:\Users\patrick.bellositz\AppData\Roaming\MiKTeX\2.9\tex\latex\url\url.sty
\Urlmuskip=\muskip11
Package: url 2013/09/16  ver 3.4  Verb mode for urls, etc.
)
LaTeX Info: Redefining \url on input line 5041.
\XeTeXLinkMargin=\dimen186
\Fld@menulength=\count198
\Field@Width=\dimen187
\Fld@charsize=\dimen188
Package hyperref Info: Hyper figures OFF on input line 6295.
Package hyperref Info: Link nesting OFF on input line 6300.
Package hyperref Info: Hyper index ON on input line 6303.
Package hyperref Info: backreferencing OFF on input line 6310.
Package hyperref Info: Link coloring OFF on input line 6315.
Package hyperref Info: Link coloring with OCG OFF on input line 6320.
Package hyperref Info: PDF/A mode OFF on input line 6325.
LaTeX Info: Redefining \ref on input line 6365.
LaTeX Info: Redefining \pageref on input line 6369.
\Hy@abspage=\count199
\c@Item=\count200
\c@Hfootnote=\count201
)
(C:\Users\patrick.bellositz\AppData\Roaming\MiKTeX\2.9\tex\latex\memoir\memhfix
c.sty
Package: memhfixc 2013/05/30 v1.17 nameref/hyperref package fixes for memoir cl
ass
\c@memhycontfloat=\count202
\c@Hpagenote=\count203
)

Package hyperref Message: Driver (autodetected): hpdftex.

("C:\Program Files (x86)\MiKTeX 2.9\tex\latex\hyperref\hpdftex.def"
File: hpdftex.def 2012/11/06 v6.83m Hyperref driver for pdfTeX
\Fld@listcount=\count204
\c@bookmark@seq@number=\count205

("C:\Program Files (x86)\MiKTeX 2.9\tex\latex\oberdiek\rerunfilecheck.sty"
Package: rerunfilecheck 2011/04/15 v1.7 Rerun checks for auxiliary files (HO)
Package uniquecounter Info: New unique counter `rerunfilecheck' on input line 2
82.
)
\Hy@SectionHShift=\skip228
)
(C:\Users\patrick.bellositz\AppData\Roaming\MiKTeX\2.9\tex\latex\glossaries\bas
e\glossaries.sty
Package: glossaries 2015/03/16 v4.15 (NLCT)

("C:\Program Files (x86)\MiKTeX 2.9\tex\latex\xkeyval\xkeyval.sty"
Package: xkeyval 2012/10/14 v2.6b package option processing (HA)

("C:\Program Files (x86)\MiKTeX 2.9\tex\generic\xkeyval\xkeyval.tex"
\XKV@toks=\toks33
\XKV@tempa@toks=\toks34
\XKV@depth=\count206
File: xkeyval.tex 2012/10/14 v2.6b key=value parser (HA)
))
(C:\Users\patrick.bellositz\AppData\Roaming\MiKTeX\2.9\tex\latex\glossaries\bas
e\mfirstuc.sty
Package: mfirstuc 2015/02/03 v1.10 (NLCT)
\@glsmfirst=\toks35
\@glsmrest=\toks36
)
(C:\Users\patrick.bellositz\AppData\Roaming\MiKTeX\2.9\tex\latex\textcase\textc
ase.sty
Package: textcase 2004/10/07 v0.07 Text only upper/lower case changing (DPC)
LaTeX Info: Redefining \MakeTextUppercase on input line 47.
LaTeX Info: Redefining \MakeTextLowercase on input line 50.
)
(C:\Users\patrick.bellositz\AppData\Roaming\MiKTeX\2.9\tex\latex\xfor\xfor.sty
Package: xfor 2009/02/05 v1.05 (NLCT)
)
(C:\Users\patrick.bellositz\AppData\Roaming\MiKTeX\2.9\tex\latex\datatool\datat
ool-base.sty
Package: datatool-base 2014/06/10 v2.22 (NLCT)

(C:\Users\patrick.bellositz\AppData\Roaming\MiKTeX\2.9\tex\latex\substr\substr.
sty
Package: substr 2009/10/20 v1.2 Handle substrings
\c@su@anzahl=\count207
)
(C:\Users\patrick.bellositz\AppData\Roaming\MiKTeX\2.9\tex\latex\datatool\datat
ool-fp.sty
Package: datatool-fp 2013/08/29 v2.17 (NLCT)

(C:\Users\patrick.bellositz\AppData\Roaming\MiKTeX\2.9\tex\latex\fp\fp.sty
Package: fp 1995/04/02

`Fixed Point Package', Version 0.8, April 2, 1995 (C) Michael Mehlich
(C:\Users\patrick.bellositz\AppData\Roaming\MiKTeX\2.9\tex\latex\fp\defpattern.
sty
Package: defpattern 1994/10/12
\actioncount=\count208
)
(C:\Users\patrick.bellositz\AppData\Roaming\MiKTeX\2.9\tex\latex\fp\fp-basic.st
y
Package: fp-basic 1996/05/13
\FP@xs=\count209
\FP@xia=\count210
\FP@xib=\count211
\FP@xfa=\count212
\FP@xfb=\count213
\FP@rega=\count214
\FP@regb=\count215
\FP@regs=\count216
\FP@times=\count217
)
(C:\Users\patrick.bellositz\AppData\Roaming\MiKTeX\2.9\tex\latex\fp\fp-addons.s
ty
Package: fp-addons 1995/03/15
)
(C:\Users\patrick.bellositz\AppData\Roaming\MiKTeX\2.9\tex\latex\fp\fp-snap.sty
Package: fp-snap 1995/04/05
)
(C:\Users\patrick.bellositz\AppData\Roaming\MiKTeX\2.9\tex\latex\fp\fp-exp.sty
Package: fp-exp 1995/04/03
)
(C:\Users\patrick.bellositz\AppData\Roaming\MiKTeX\2.9\tex\latex\fp\fp-trigo.st
y
Package: fp-trigo 1995/04/14
)
(C:\Users\patrick.bellositz\AppData\Roaming\MiKTeX\2.9\tex\latex\fp\fp-pas.sty
Package: fp-pas 1994/08/29
)
(C:\Users\patrick.bellositz\AppData\Roaming\MiKTeX\2.9\tex\latex\fp\fp-random.s
ty
Package: fp-random 1995/02/23
\FPseed=\count218
)
(C:\Users\patrick.bellositz\AppData\Roaming\MiKTeX\2.9\tex\latex\fp\fp-eqn.sty
Package: fp-eqn 1995/04/03
) (C:\Users\patrick.bellositz\AppData\Roaming\MiKTeX\2.9\tex\latex\fp\fp-upn.st
y
Package: fp-upn 1996/10/21
)
(C:\Users\patrick.bellositz\AppData\Roaming\MiKTeX\2.9\tex\latex\fp\fp-eval.sty
Package: fp-eval 1995/04/03
)))
\@dtl@toks=\toks37
\@dtl@tmpcount=\count219
Normal \skip register pool exhausted, switching to extended pool.
\dtl@tmplength=\skip256
\dtl@sortresult=\count220
\@dtl@numgrpsepcount=\count221
\@dtl@datatype=\count222
\dtl@codeA=\count223
\dtl@codeB=\count224
\@dtl@foreach@level=\count225
)
(C:\Users\patrick.bellositz\AppData\Roaming\MiKTeX\2.9\tex\latex\glossaries\bas
e\glossaries-compatible-307.sty
Package: glossaries-compatible-307 2013/11/14 v4.0 (NLCT)
)
(C:\Users\patrick.bellositz\AppData\Roaming\MiKTeX\2.9\tex\latex\tracklang\trac
klang.sty
Package: tracklang 2014/11/21 v1.1 (NLCT) Track Languages

(C:\Users\patrick.bellositz\AppData\Roaming\MiKTeX\2.9\tex\generic\tracklang\tr
acklang.tex)
Package tracklang Info: babel loaded but \bb@loaded not defined. Will attempt t
o track known languages. on input line 175.
)
(C:\Users\patrick.bellositz\AppData\Roaming\MiKTeX\2.9\tex\latex\beamer\base\tr
anslator\translator.sty
Package: translator 2010/06/12 ver 1.10

(C:\Users\patrick.bellositz\AppData\Roaming\MiKTeX\2.9\tex\latex\beamer\base\tr
anslator\translator-language-mappings.tex))

Package glossaries Warning: No language module detected for `naustrian'.
(glossaries)                Language modules need to be installed separately.
(glossaries)                Please check on CTAN for a bundle called
(glossaries)                `glossaries-german' or similar.


Package glossaries Warning: No language module detected for `english'.
(glossaries)                Language modules need to be installed separately.
(glossaries)                Please check on CTAN for a bundle called
(glossaries)                `glossaries-english' or similar.


Package glossaries Warning: No language module detected for `ngerman'.
(glossaries)                Language modules need to be installed separately.
(glossaries)                Please check on CTAN for a bundle called
(glossaries)                `glossaries-german' or similar.

\gls@level=\count226
\@gls@tmpb=\toks38
\gls@tmplen=\skip257

Package glossaries Warning: Overriding \printglossary on input line 5045.


Package glossaries Warning: Overriding `theglossary' environment on input line 
5684.

\glskeylisttok=\toks39
\glslabeltok=\toks40
\glsshorttok=\toks41
\glslongtok=\toks42

(C:\Users\patrick.bellositz\AppData\Roaming\MiKTeX\2.9\tex\latex\glossaries\sty
les\glossary-hypernav.sty
Package: glossary-hypernav 2013/11/14 v4.0 (NLCT)
)
(C:\Users\patrick.bellositz\AppData\Roaming\MiKTeX\2.9\tex\latex\glossaries\sty
les\glossary-list.sty
Package: glossary-list 2015/02/03 v4.13 (NLCT)
\glslistdottedwidth=\skip258
)
(C:\Users\patrick.bellositz\AppData\Roaming\MiKTeX\2.9\tex\latex\glossaries\sty
les\glossary-long.sty
Package: glossary-long 2013/11/14 v4.0 (NLCT)

("C:\Program Files (x86)\MiKTeX 2.9\tex\latex\tools\longtable.sty"
Package: longtable 2004/02/01 v4.11 Multi-page Table package (DPC)
\LTleft=\skip259
\LTright=\skip260
\LTpre=\skip261
\LTpost=\skip262
\LTchunksize=\count227
\LTcapwidth=\dimen189
\LT@head=\box40
\LT@firsthead=\box41
\LT@foot=\box42
\LT@lastfoot=\box43
\LT@cols=\count228
Normal \count register pool exhausted, switching to extended pool.
\LT@rows=\count277
\c@LT@tables=\count278
\c@LT@chunks=\count279
\LT@p@ftn=\toks43
)
\glsdescwidth=\skip263
\glspagelistwidth=\skip264
)
(C:\Users\patrick.bellositz\AppData\Roaming\MiKTeX\2.9\tex\latex\glossaries\sty
les\glossary-super.sty
Package: glossary-super 2013/11/14 v4.0 (NLCT)

(C:\Users\patrick.bellositz\AppData\Roaming\MiKTeX\2.9\tex\latex\supertabular\s
upertabular.sty
Package: supertabular 2004/02/20 v4.1e the supertabular environment
\c@tracingst=\count280
\ST@wd=\dimen190
\ST@rightskip=\skip265
\ST@leftskip=\skip266
\ST@parfillskip=\skip267
\ST@pageleft=\dimen191
\ST@headht=\dimen192
\ST@tailht=\dimen193
\ST@pagesofar=\dimen194
\ST@pboxht=\dimen195
\ST@lineht=\dimen196
\ST@stretchht=\dimen197
\ST@prevht=\dimen198
\ST@toadd=\dimen199
\ST@dimen=\dimen200
\ST@pbox=\box44
))
(C:\Users\patrick.bellositz\AppData\Roaming\MiKTeX\2.9\tex\latex\glossaries\sty
les\glossary-tree.sty
Package: glossary-tree 2015/02/03 v4.13 (NLCT)
\glstreeindent=\skip268
))
(C:\Users\patrick.bellositz\AppData\Roaming\MiKTeX\2.9\tex\latex\pgf\frontendla
yer\tikz.sty
(C:\Users\patrick.bellositz\AppData\Roaming\MiKTeX\2.9\tex\latex\pgf\basiclayer
\pgf.sty
(C:\Users\patrick.bellositz\AppData\Roaming\MiKTeX\2.9\tex\latex\pgf\utilities\
pgfrcs.sty
(C:\Users\patrick.bellositz\AppData\Roaming\MiKTeX\2.9\tex\generic\pgf\utilitie
s\pgfutil-common.tex
\pgfutil@everybye=\toks44
\pgfutil@tempdima=\dimen201
\pgfutil@tempdimb=\dimen202

(C:\Users\patrick.bellositz\AppData\Roaming\MiKTeX\2.9\tex\generic\pgf\utilitie
s\pgfutil-common-lists.tex))
(C:\Users\patrick.bellositz\AppData\Roaming\MiKTeX\2.9\tex\generic\pgf\utilitie
s\pgfutil-latex.def
\pgfutil@abb=\box45

(C:\Users\patrick.bellositz\AppData\Roaming\MiKTeX\2.9\tex\latex\ms\everyshi.st
y
Package: everyshi 2001/05/15 v3.00 EveryShipout Package (MS)
))
(C:\Users\patrick.bellositz\AppData\Roaming\MiKTeX\2.9\tex\generic\pgf\utilitie
s\pgfrcs.code.tex
Package: pgfrcs 2013/12/20 v3.0.0 (rcs-revision 1.28)
))
Package: pgf 2013/12/18 v3.0.0 (rcs-revision 1.14)

(C:\Users\patrick.bellositz\AppData\Roaming\MiKTeX\2.9\tex\latex\pgf\basiclayer
\pgfcore.sty
(C:\Users\patrick.bellositz\AppData\Roaming\MiKTeX\2.9\tex\latex\pgf\systemlaye
r\pgfsys.sty
(C:\Users\patrick.bellositz\AppData\Roaming\MiKTeX\2.9\tex\generic\pgf\systemla
yer\pgfsys.code.tex
Package: pgfsys 2013/11/30 v3.0.0 (rcs-revision 1.47)

(C:\Users\patrick.bellositz\AppData\Roaming\MiKTeX\2.9\tex\generic\pgf\utilitie
s\pgfkeys.code.tex
\pgfkeys@pathtoks=\toks45
\pgfkeys@temptoks=\toks46

(C:\Users\patrick.bellositz\AppData\Roaming\MiKTeX\2.9\tex\generic\pgf\utilitie
s\pgfkeysfiltered.code.tex
\pgfkeys@tmptoks=\toks47
))
\pgf@x=\dimen203
\pgf@y=\dimen204
\pgf@xa=\dimen205
\pgf@ya=\dimen206
\pgf@xb=\dimen207
\pgf@yb=\dimen208
\pgf@xc=\dimen209
\pgf@yc=\dimen210
\w@pgf@writea=\write4
\r@pgf@reada=\read2
\c@pgf@counta=\count281
\c@pgf@countb=\count282
\c@pgf@countc=\count283
\c@pgf@countd=\count284
\t@pgf@toka=\toks48
\t@pgf@tokb=\toks49
\t@pgf@tokc=\toks50

(C:\Users\patrick.bellositz\AppData\Roaming\MiKTeX\2.9\tex\generic\pgf\systemla
yer\pgf.cfg
File: pgf.cfg 2008/05/14  (rcs-revision 1.7)
)
Driver file for pgf: pgfsys-pdftex.def

(C:\Users\patrick.bellositz\AppData\Roaming\MiKTeX\2.9\tex\generic\pgf\systemla
yer\pgfsys-pdftex.def
File: pgfsys-pdftex.def 2013/07/18  (rcs-revision 1.33)

(C:\Users\patrick.bellositz\AppData\Roaming\MiKTeX\2.9\tex\generic\pgf\systemla
yer\pgfsys-common-pdf.def
File: pgfsys-common-pdf.def 2013/10/10  (rcs-revision 1.13)
)))
(C:\Users\patrick.bellositz\AppData\Roaming\MiKTeX\2.9\tex\generic\pgf\systemla
yer\pgfsyssoftpath.code.tex
File: pgfsyssoftpath.code.tex 2013/09/09  (rcs-revision 1.9)
\pgfsyssoftpath@smallbuffer@items=\count285
\pgfsyssoftpath@bigbuffer@items=\count286
)
(C:\Users\patrick.bellositz\AppData\Roaming\MiKTeX\2.9\tex\generic\pgf\systemla
yer\pgfsysprotocol.code.tex
File: pgfsysprotocol.code.tex 2006/10/16  (rcs-revision 1.4)
))
(C:\Users\patrick.bellositz\AppData\Roaming\MiKTeX\2.9\tex\latex\xcolor\xcolor.
sty
Package: xcolor 2007/01/21 v2.11 LaTeX color extensions (UK)
 ("C:\Program Files (x86)\MiKTeX 2.9\tex\latex\00miktex\color.cfg"
File: color.cfg 2007/01/18 v1.5 color configuration of teTeX/TeXLive
)
Package xcolor Info: Driver file: pdftex.def on input line 225.
Package xcolor Info: Model `cmy' substituted by `cmy0' on input line 1337.
Package xcolor Info: Model `hsb' substituted by `rgb' on input line 1341.
Package xcolor Info: Model `RGB' extended on input line 1353.
Package xcolor Info: Model `HTML' substituted by `rgb' on input line 1355.
Package xcolor Info: Model `Hsb' substituted by `hsb' on input line 1356.
Package xcolor Info: Model `tHsb' substituted by `hsb' on input line 1357.
Package xcolor Info: Model `HSB' substituted by `hsb' on input line 1358.
Package xcolor Info: Model `Gray' substituted by `gray' on input line 1359.
Package xcolor Info: Model `wave' substituted by `hsb' on input line 1360.
)
(C:\Users\patrick.bellositz\AppData\Roaming\MiKTeX\2.9\tex\generic\pgf\basiclay
er\pgfcore.code.tex
Package: pgfcore 2010/04/11 v3.0.0 (rcs-revision 1.7)

(C:\Users\patrick.bellositz\AppData\Roaming\MiKTeX\2.9\tex\generic\pgf\math\pgf
math.code.tex
(C:\Users\patrick.bellositz\AppData\Roaming\MiKTeX\2.9\tex\generic\pgf\math\pgf
mathcalc.code.tex
(C:\Users\patrick.bellositz\AppData\Roaming\MiKTeX\2.9\tex\generic\pgf\math\pgf
mathutil.code.tex)
(C:\Users\patrick.bellositz\AppData\Roaming\MiKTeX\2.9\tex\generic\pgf\math\pgf
mathparser.code.tex
\pgfmath@dimen=\dimen211
\pgfmath@count=\count287
\pgfmath@box=\box46
\pgfmath@toks=\toks51
\pgfmath@stack@operand=\toks52
\pgfmath@stack@operation=\toks53
)
(C:\Users\patrick.bellositz\AppData\Roaming\MiKTeX\2.9\tex\generic\pgf\math\pgf
mathfunctions.code.tex
(C:\Users\patrick.bellositz\AppData\Roaming\MiKTeX\2.9\tex\generic\pgf\math\pgf
mathfunctions.basic.code.tex)
(C:\Users\patrick.bellositz\AppData\Roaming\MiKTeX\2.9\tex\generic\pgf\math\pgf
mathfunctions.trigonometric.code.tex)
(C:\Users\patrick.bellositz\AppData\Roaming\MiKTeX\2.9\tex\generic\pgf\math\pgf
mathfunctions.random.code.tex)
(C:\Users\patrick.bellositz\AppData\Roaming\MiKTeX\2.9\tex\generic\pgf\math\pgf
mathfunctions.comparison.code.tex)
(C:\Users\patrick.bellositz\AppData\Roaming\MiKTeX\2.9\tex\generic\pgf\math\pgf
mathfunctions.base.code.tex)
(C:\Users\patrick.bellositz\AppData\Roaming\MiKTeX\2.9\tex\generic\pgf\math\pgf
mathfunctions.round.code.tex)
(C:\Users\patrick.bellositz\AppData\Roaming\MiKTeX\2.9\tex\generic\pgf\math\pgf
mathfunctions.misc.code.tex)
(C:\Users\patrick.bellositz\AppData\Roaming\MiKTeX\2.9\tex\generic\pgf\math\pgf
mathfunctions.integerarithmetics.code.tex)))
(C:\Users\patrick.bellositz\AppData\Roaming\MiKTeX\2.9\tex\generic\pgf\math\pgf
mathfloat.code.tex
\c@pgfmathroundto@lastzeros=\count288
))
(C:\Users\patrick.bellositz\AppData\Roaming\MiKTeX\2.9\tex\generic\pgf\basiclay
er\pgfcorepoints.code.tex
File: pgfcorepoints.code.tex 2013/10/07  (rcs-revision 1.27)
\pgf@picminx=\dimen212
\pgf@picmaxx=\dimen213
\pgf@picminy=\dimen214
\pgf@picmaxy=\dimen215
\pgf@pathminx=\dimen216
\pgf@pathmaxx=\dimen217
\pgf@pathminy=\dimen218
\pgf@pathmaxy=\dimen219
\pgf@xx=\dimen220
\pgf@xy=\dimen221
\pgf@yx=\dimen222
\pgf@yy=\dimen223
\pgf@zx=\dimen224
\pgf@zy=\dimen225
)
(C:\Users\patrick.bellositz\AppData\Roaming\MiKTeX\2.9\tex\generic\pgf\basiclay
er\pgfcorepathconstruct.code.tex
File: pgfcorepathconstruct.code.tex 2013/10/07  (rcs-revision 1.29)
\pgf@path@lastx=\dimen226
\pgf@path@lasty=\dimen227
)
(C:\Users\patrick.bellositz\AppData\Roaming\MiKTeX\2.9\tex\generic\pgf\basiclay
er\pgfcorepathusage.code.tex
File: pgfcorepathusage.code.tex 2013/12/13  (rcs-revision 1.23)
\pgf@shorten@end@additional=\dimen228
Normal \dimen register pool exhausted, switching to extended pool.
\pgf@shorten@start@additional=\dimen256
)
(C:\Users\patrick.bellositz\AppData\Roaming\MiKTeX\2.9\tex\generic\pgf\basiclay
er\pgfcorescopes.code.tex
File: pgfcorescopes.code.tex 2013/10/09  (rcs-revision 1.44)
\pgfpic=\box47
\pgf@hbox=\box48
\pgf@layerbox@main=\box49
\pgf@picture@serial@count=\count289
)
(C:\Users\patrick.bellositz\AppData\Roaming\MiKTeX\2.9\tex\generic\pgf\basiclay
er\pgfcoregraphicstate.code.tex
File: pgfcoregraphicstate.code.tex 2013/09/19  (rcs-revision 1.11)
\pgflinewidth=\dimen257
)
(C:\Users\patrick.bellositz\AppData\Roaming\MiKTeX\2.9\tex\generic\pgf\basiclay
er\pgfcoretransformations.code.tex
File: pgfcoretransformations.code.tex 2013/10/10  (rcs-revision 1.17)
\pgf@pt@x=\dimen258
\pgf@pt@y=\dimen259
\pgf@pt@temp=\dimen260
)
(C:\Users\patrick.bellositz\AppData\Roaming\MiKTeX\2.9\tex\generic\pgf\basiclay
er\pgfcorequick.code.tex
File: pgfcorequick.code.tex 2008/10/09  (rcs-revision 1.3)
)
(C:\Users\patrick.bellositz\AppData\Roaming\MiKTeX\2.9\tex\generic\pgf\basiclay
er\pgfcoreobjects.code.tex
File: pgfcoreobjects.code.tex 2006/10/11  (rcs-revision 1.2)
)
(C:\Users\patrick.bellositz\AppData\Roaming\MiKTeX\2.9\tex\generic\pgf\basiclay
er\pgfcorepathprocessing.code.tex
File: pgfcorepathprocessing.code.tex 2013/09/09  (rcs-revision 1.9)
)
(C:\Users\patrick.bellositz\AppData\Roaming\MiKTeX\2.9\tex\generic\pgf\basiclay
er\pgfcorearrows.code.tex
File: pgfcorearrows.code.tex 2013/11/07  (rcs-revision 1.40)
\pgfarrowsep=\dimen261
)
(C:\Users\patrick.bellositz\AppData\Roaming\MiKTeX\2.9\tex\generic\pgf\basiclay
er\pgfcoreshade.code.tex
File: pgfcoreshade.code.tex 2013/07/15  (rcs-revision 1.15)
\pgf@max=\dimen262
\pgf@sys@shading@range@num=\count290
)
(C:\Users\patrick.bellositz\AppData\Roaming\MiKTeX\2.9\tex\generic\pgf\basiclay
er\pgfcoreimage.code.tex
File: pgfcoreimage.code.tex 2013/07/15  (rcs-revision 1.18)

(C:\Users\patrick.bellositz\AppData\Roaming\MiKTeX\2.9\tex\generic\pgf\basiclay
er\pgfcoreexternal.code.tex
File: pgfcoreexternal.code.tex 2013/07/15  (rcs-revision 1.20)
\pgfexternal@startupbox=\box50
))
(C:\Users\patrick.bellositz\AppData\Roaming\MiKTeX\2.9\tex\generic\pgf\basiclay
er\pgfcorelayers.code.tex
File: pgfcorelayers.code.tex 2013/07/18  (rcs-revision 1.7)
)
(C:\Users\patrick.bellositz\AppData\Roaming\MiKTeX\2.9\tex\generic\pgf\basiclay
er\pgfcoretransparency.code.tex
File: pgfcoretransparency.code.tex 2013/09/30  (rcs-revision 1.5)
)
(C:\Users\patrick.bellositz\AppData\Roaming\MiKTeX\2.9\tex\generic\pgf\basiclay
er\pgfcorepatterns.code.tex
File: pgfcorepatterns.code.tex 2013/11/07  (rcs-revision 1.5)
)))
(C:\Users\patrick.bellositz\AppData\Roaming\MiKTeX\2.9\tex\generic\pgf\modules\
pgfmoduleshapes.code.tex
File: pgfmoduleshapes.code.tex 2013/10/31  (rcs-revision 1.34)
\pgfnodeparttextbox=\box51
)
(C:\Users\patrick.bellositz\AppData\Roaming\MiKTeX\2.9\tex\generic\pgf\modules\
pgfmoduleplot.code.tex
File: pgfmoduleplot.code.tex 2013/07/31  (rcs-revision 1.12)
)
(C:\Users\patrick.bellositz\AppData\Roaming\MiKTeX\2.9\tex\latex\pgf\compatibil
ity\pgfcomp-version-0-65.sty
Package: pgfcomp-version-0-65 2007/07/03 v3.0.0 (rcs-revision 1.7)
\pgf@nodesepstart=\dimen263
\pgf@nodesepend=\dimen264
)
(C:\Users\patrick.bellositz\AppData\Roaming\MiKTeX\2.9\tex\latex\pgf\compatibil
ity\pgfcomp-version-1-18.sty
Package: pgfcomp-version-1-18 2007/07/23 v3.0.0 (rcs-revision 1.1)
))
(C:\Users\patrick.bellositz\AppData\Roaming\MiKTeX\2.9\tex\latex\pgf\utilities\
pgffor.sty
(C:\Users\patrick.bellositz\AppData\Roaming\MiKTeX\2.9\tex\latex\pgf\utilities\
pgfkeys.sty
(C:\Users\patrick.bellositz\AppData\Roaming\MiKTeX\2.9\tex\generic\pgf\utilitie
s\pgfkeys.code.tex))
(C:\Users\patrick.bellositz\AppData\Roaming\MiKTeX\2.9\tex\latex\pgf\math\pgfma
th.sty
(C:\Users\patrick.bellositz\AppData\Roaming\MiKTeX\2.9\tex\generic\pgf\math\pgf
math.code.tex))
(C:\Users\patrick.bellositz\AppData\Roaming\MiKTeX\2.9\tex\generic\pgf\utilitie
s\pgffor.code.tex
Package: pgffor 2013/12/13 v3.0.0 (rcs-revision 1.25)

(C:\Users\patrick.bellositz\AppData\Roaming\MiKTeX\2.9\tex\generic\pgf\math\pgf
math.code.tex)
\pgffor@iter=\dimen265
\pgffor@skip=\dimen266
\pgffor@stack=\toks54
\pgffor@toks=\toks55
))
(C:\Users\patrick.bellositz\AppData\Roaming\MiKTeX\2.9\tex\generic\pgf\frontend
layer\tikz\tikz.code.tex
Package: tikz 2013/12/13 v3.0.0 (rcs-revision 1.142)

(C:\Users\patrick.bellositz\AppData\Roaming\MiKTeX\2.9\tex\generic\pgf\librarie
s\pgflibraryplothandlers.code.tex
File: pgflibraryplothandlers.code.tex 2013/08/31 v3.0.0 (rcs-revision 1.20)
\pgf@plot@mark@count=\count291
\pgfplotmarksize=\dimen267
)
\tikz@lastx=\dimen268
\tikz@lasty=\dimen269
\tikz@lastxsaved=\dimen270
\tikz@lastysaved=\dimen271
\tikzleveldistance=\dimen272
\tikzsiblingdistance=\dimen273
\tikz@figbox=\box52
\tikz@figbox@bg=\box53
\tikz@tempbox=\box54
\tikz@tempbox@bg=\box55
\tikztreelevel=\count292
\tikznumberofchildren=\count293
\tikznumberofcurrentchild=\count294
\tikz@fig@count=\count295

(C:\Users\patrick.bellositz\AppData\Roaming\MiKTeX\2.9\tex\generic\pgf\modules\
pgfmodulematrix.code.tex
File: pgfmodulematrix.code.tex 2013/09/17  (rcs-revision 1.8)
\pgfmatrixcurrentrow=\count296
\pgfmatrixcurrentcolumn=\count297
\pgf@matrix@numberofcolumns=\count298
)
\tikz@expandcount=\count299

(C:\Users\patrick.bellositz\AppData\Roaming\MiKTeX\2.9\tex\generic\pgf\frontend
layer\tikz\libraries\tikzlibrarytopaths.code.tex
File: tikzlibrarytopaths.code.tex 2008/06/17 v3.0.0 (rcs-revision 1.2)
)))
(C:\Users\patrick.bellositz\AppData\Roaming\MiKTeX\2.9\tex\latex\placeins\place
ins.sty
Package: placeins 2005/04/18  v 2.2
)
\example_to_thesis@idxfile=\write5

Writing index file example_to_thesis.idx 
\glswrite=\write6
\glo@main@file=\write7
Package glossaries Info: Writing glossary file example_to_thesis.glo on input l
ine 30.
\glo@acronym@file=\write8
Package glossaries Info: Writing glossary file example_to_thesis.acn on input l
ine 30.
(C:\Users\patrick.bellositz\git\bakk\bakk\example_to_thesis.aux)
LaTeX Font Info:    Checking defaults for OML/cmm/m/it on input line 50.
LaTeX Font Info:    ... okay on input line 50.
LaTeX Font Info:    Checking defaults for T1/cmr/m/n on input line 50.
LaTeX Font Info:    ... okay on input line 50.
LaTeX Font Info:    Checking defaults for OT1/cmr/m/n on input line 50.
LaTeX Font Info:    ... okay on input line 50.
LaTeX Font Info:    Checking defaults for OMS/cmsy/m/n on input line 50.
LaTeX Font Info:    ... okay on input line 50.
LaTeX Font Info:    Checking defaults for OMX/cmex/m/n on input line 50.
LaTeX Font Info:    ... okay on input line 50.
LaTeX Font Info:    Checking defaults for U/cmr/m/n on input line 50.
LaTeX Font Info:    ... okay on input line 50.
LaTeX Font Info:    Checking defaults for PD1/pdf/m/n on input line 50.
LaTeX Font Info:    ... okay on input line 50.
LaTeX Font Info:    Try loading font information for T1+lmr on input line 50.

("C:\Program Files (x86)\MiKTeX 2.9\tex\latex\lm\t1lmr.fd"
File: t1lmr.fd 2009/10/30 v1.6 Font defs for Latin Modern
)
*geometry* driver: auto-detecting
*geometry* detected driver: pdftex
*geometry* verbose mode - [ preamble ] result:
* driver: pdftex
* paper: <default>
* layout: <same size as paper>
* layoutoffset:(h,v)=(0.0pt,0.0pt)
* modes: twoside 
* h-part:(L,W,R)=(71.70166pt, 418.25368pt, 107.55254pt)
* v-part:(T,H,B)=(101.40665pt, 591.5302pt, 152.11pt)
* \paperwidth=597.50787pt
* \paperheight=845.04684pt
* \textwidth=418.25368pt
* \textheight=591.5302pt
* \oddsidemargin=-0.56833pt
* \evensidemargin=35.28255pt
* \topmargin=-4.33714pt
* \headheight=13.6pt
* \headsep=19.8738pt
* \topskip=11.0pt
* \footskip=27.46295pt
* \marginparwidth=101.0pt
* \marginparsep=7.0pt
* \columnsep=10.0pt
* \skip\footins=12.0pt plus 4.0pt minus 4.0pt
* \hoffset=0.0pt
* \voffset=0.0pt
* \mag=1000
* \@twocolumnfalse
* \@twosidetrue
* \@mparswitchtrue
* \@reversemarginfalse
* (1in=72.27pt=25.4mm, 1cm=28.453pt)


(C:\Users\patrick.bellositz\AppData\Roaming\MiKTeX\2.9\tex\context\base\supp-pd
f.mkii
[Loading MPS to PDF converter (version 2006.09.02).]
\scratchcounter=\count300
\scratchdimen=\dimen274
\scratchbox=\box56
\nofMPsegments=\count301
\nofMParguments=\count302
\everyMPshowfont=\toks56
\MPscratchCnt=\count303
\MPscratchDim=\dimen275
\MPnumerator=\count304
\makeMPintoPDFobject=\count305
\everyMPtoPDFconversion=\toks57
)
LaTeX Info: Redefining \microtypecontext on input line 50.
Package microtype Info: Generating PDF output.
Package microtype Info: Character protrusion enabled (level 2).
Package microtype Info: Using default protrusion set `alltext'.
Package microtype Info: Automatic font expansion enabled (level 2),
(microtype)             stretch: 20, shrink: 20, step: 1, non-selected.
Package microtype Info: Using default expansion set `basictext'.
Package microtype Info: No adjustment of tracking.
Package microtype Info: No adjustment of interword spacing.
Package microtype Info: No adjustment of character kerning.

(C:\Users\patrick.bellositz\AppData\Roaming\MiKTeX\2.9\tex\latex\microtype\mt-c
mr.cfg
File: mt-cmr.cfg 2013/05/19 v2.2 microtype config. file: Computer Modern Roman 
(RS)
)
\AtBeginShipoutBox=\box57
Package hyperref Info: Link coloring OFF on input line 50.
 ("C:\Program Files (x86)\MiKTeX 2.9\tex\latex\hyperref\nameref.sty"
Package: nameref 2012/10/27 v2.43 Cross-referencing by name of section

("C:\Program Files (x86)\MiKTeX 2.9\tex\generic\oberdiek\gettitlestring.sty"
Package: gettitlestring 2010/12/03 v1.4 Cleanup title references (HO)
)
\c@section@level=\count306
)
Redoing nameref's sectioning
Redoing nameref's label
LaTeX Info: Redefining \nameref on input line 50.
LaTeX Info: Redefining \ref on input line 50.
LaTeX Info: Redefining \pageref on input line 50.
LaTeX Info: Redefining \nameref on input line 50.
(C:\Users\patrick.bellositz\git\bakk\bakk\example_to_thesis.out)
(C:\Users\patrick.bellositz\git\bakk\bakk\example_to_thesis.out)
\@outlinefile=\write9

ABD: EveryShipout initializing macros
*geometry* verbose mode - [ newgeometry ] result:
* driver: pdftex
* paper: <default>
* layout: <same size as paper>
* layoutoffset:(h,v)=(0.0pt,0.0pt)
* modes: twoside 
* h-part:(L,W,R)=(68.28644pt, 460.935pt, 68.28644pt)
* v-part:(T,H,B)=(56.9055pt, 717.00946pt, 71.13188pt)
* \paperwidth=597.50787pt
* \paperheight=845.04684pt
* \textwidth=460.935pt
* \textheight=717.00946pt
* \oddsidemargin=-3.98355pt
* \evensidemargin=-3.98355pt
* \topmargin=-106.24171pt
* \headheight=132.37454pt
* \headsep=-41.49731pt
* \topskip=11.0pt
* \footskip=27.46295pt
* \marginparwidth=101.0pt
* \marginparsep=7.0pt
* \columnsep=10.0pt
* \skip\footins=12.0pt plus 4.0pt minus 4.0pt
* \hoffset=0.0pt
* \voffset=0.0pt
* \mag=1000
* \@twocolumnfalse
* \@twosidetrue
* \@mparswitchtrue
* \@reversemarginfalse
* (1in=72.27pt=25.4mm, 1cm=28.453pt)

LaTeX Font Info:    Try loading font information for T1+lmss on input line 57.

("C:\Program Files (x86)\MiKTeX 2.9\tex\latex\lm\t1lmss.fd"
File: t1lmss.fd 2009/10/30 v1.6 Font defs for Latin Modern
)
Package microtype Info: Loading generic settings for font family
(microtype)             `lmss' (encoding: T1).
(microtype)             For optimal results, create family-specific settings.
(microtype)             See the microtype manual for details.
LaTeX Font Info:    Try loading font information for T1+phv on input line 57.

("C:\Program Files (x86)\MiKTeX 2.9\tex\latex\psnfss\t1phv.fd"
File: t1phv.fd 2001/06/04 scalable font definitions for T1/phv.
)
LaTeX Font Info:    Font shape `T1/phv/m/n' will be
(Font)              scaled to size 10.40245pt on input line 57.
Package microtype Info: Loading generic settings for font family
(microtype)             `phv' (encoding: T1).
(microtype)             For optimal results, create family-specific settings.
(microtype)             See the microtype manual for details.
LaTeX Font Info:    Font shape `T1/phv/m/n' will be
(Font)              scaled to size 28.49991pt on input line 57.
LaTeX Font Info:    Font shape `T1/phv/bx/n' in size <30> not available
(Font)              Font shape `T1/phv/b/n' tried instead on input line 57.
LaTeX Font Info:    Font shape `T1/phv/b/n' will be
(Font)              scaled to size 28.49991pt on input line 57.
LaTeX Font Info:    Font shape `T1/phv/m/n' will be
(Font)              scaled to size 18.99994pt on input line 57.
LaTeX Font Info:    Font shape `T1/phv/bx/n' in size <20> not available
(Font)              Font shape `T1/phv/b/n' tried instead on input line 57.
LaTeX Font Info:    Font shape `T1/phv/b/n' will be
(Font)              scaled to size 18.99994pt on input line 57.
LaTeX Font Info:    Font shape `T1/phv/m/n' will be
(Font)              scaled to size 16.14995pt on input line 57.
LaTeX Font Info:    Font shape `T1/phv/m/n' will be
(Font)              scaled to size 11.39996pt on input line 57.
LaTeX Font Info:    Font shape `T1/phv/bx/n' in size <17> not available
(Font)              Font shape `T1/phv/b/n' tried instead on input line 57.
LaTeX Font Info:    Font shape `T1/phv/b/n' will be
(Font)              scaled to size 16.14995pt on input line 57.
LaTeX Font Info:    Font shape `T1/phv/m/n' will be
(Font)              scaled to size 13.29996pt on input line 57.
LaTeX Font Info:    Font shape `T1/phv/bx/n' in size <14> not available
(Font)              Font shape `T1/phv/b/n' tried instead on input line 57.
LaTeX Font Info:    Font shape `T1/phv/b/n' will be
(Font)              scaled to size 13.29996pt on input line 57.
LaTeX Font Info:    Font shape `T1/phv/m/n' will be
(Font)              scaled to size 10.44997pt on input line 57.
LaTeX Font Info:    Calculating math sizes for size <11> on input line 57.
LaTeX Font Info:    Try loading font information for OT1+lmr on input line 57.

("C:\Program Files (x86)\MiKTeX 2.9\tex\latex\lm\ot1lmr.fd"
File: ot1lmr.fd 2009/10/30 v1.6 Font defs for Latin Modern
)
LaTeX Font Info:    Try loading font information for OML+lmm on input line 57.

("C:\Program Files (x86)\MiKTeX 2.9\tex\latex\lm\omllmm.fd"
File: omllmm.fd 2009/10/30 v1.6 Font defs for Latin Modern
)
LaTeX Font Info:    Try loading font information for OMS+lmsy on input line 57.


("C:\Program Files (x86)\MiKTeX 2.9\tex\latex\lm\omslmsy.fd"
File: omslmsy.fd 2009/10/30 v1.6 Font defs for Latin Modern
)
LaTeX Font Info:    Try loading font information for OMX+lmex on input line 57.


("C:\Program Files (x86)\MiKTeX 2.9\tex\latex\lm\omxlmex.fd"
File: omxlmex.fd 2009/10/30 v1.6 Font defs for Latin Modern
)
LaTeX Font Info:    External font `lmex10' loaded for size
(Font)              <11> on input line 57.
LaTeX Font Info:    External font `lmex10' loaded for size
(Font)              <7.69997> on input line 57.
LaTeX Font Info:    External font `lmex10' loaded for size
(Font)              <5.5> on input line 57.
LaTeX Font Info:    Try loading font information for U+msa on input line 57.

("C:\Program Files (x86)\MiKTeX 2.9\tex\latex\amsfonts\umsa.fd"
File: umsa.fd 2013/01/14 v3.01 AMS symbols A
)
(C:\Users\patrick.bellositz\AppData\Roaming\MiKTeX\2.9\tex\latex\microtype\mt-m
sa.cfg
File: mt-msa.cfg 2006/02/04 v1.1 microtype config. file: AMS symbols (a) (RS)
)
LaTeX Font Info:    Try loading font information for U+msb on input line 57.
 ("C:\Program Files (x86)\MiKTeX 2.9\tex\latex\amsfonts\umsb.fd"
File: umsb.fd 2013/01/14 v3.01 AMS symbols B
)
(C:\Users\patrick.bellositz\AppData\Roaming\MiKTeX\2.9\tex\latex\microtype\mt-m
sb.cfg
File: mt-msb.cfg 2005/06/01 v1.0 microtype config. file: AMS symbols (b) (RS)
)
LaTeX Font Info:    Font shape `T1/phv/m/n' will be
(Font)              scaled to size 7.31494pt on input line 57.
 <TU_INF_header.pdf, id=46, 512.91624pt x 47.17625pt>
File: TU_INF_header.pdf Graphic file (type pdf)

<use TU_INF_header.pdf>
Package pdftex.def Info: TU_INF_header.pdf used on input line 57.
(pdftex.def)             Requested size: 512.915pt x 47.17612pt.
 <TU_INF_Logo_gray.pdf, id=47, 171.64125pt x 46.1725pt>
File: TU_INF_Logo_gray.pdf Graphic file (type pdf)

<use TU_INF_Logo_gray.pdf>
Package pdftex.def Info: TU_INF_Logo_gray.pdf used on input line 57.
(pdftex.def)             Requested size: 171.64081pt x 46.17236pt.
LaTeX Font Info:    External font `lmex10' loaded for size
(Font)              <10.95> on input line 57.
LaTeX Font Info:    External font `lmex10' loaded for size
(Font)              <8> on input line 57.
LaTeX Font Info:    External font `lmex10' loaded for size
(Font)              <6> on input line 57.
 [1



{C:/Users/patrick.bellositz/AppData/Local/MiKTeX/2.9/pdftex/config/pdftex.map} 
<C:/Users/patrick.bellositz/git/bakk/bakk/TU_INF_header.pdf> <C:/Users/patrick.
bellositz/git/bakk/bakk/TU_INF_Logo_gray.pdf>]
[2

] [3


] [4

] [5

] [6

] [7

] [8

] [9

] [10

]
(C:\Users\patrick.bellositz\git\bakk\bakk\example_to_thesis.toc) [11] [12

]
[1

] [2

] <graphs/ex1.png, id=137, 531.9875pt x 63.23625pt>
File: graphs/ex1.png Graphic file (type png)
 <use graphs/ex1.png>
Package pdftex.def Info: graphs/ex1.png used on input line 104.
(pdftex.def)             Requested size: 418.25368pt x 49.71774pt.

[3] [4 <C:/Users/patrick.bellositz/git/bakk/bakk/graphs/ex1.png (PNG copy)>]
[5] [6

] [7] [8] <pics/input.png, id=173, 678.28406pt x 416.30531pt>
File: pics/input.png Graphic file (type png)

<use pics/input.png>
Package pdftex.def Info: pics/input.png used on input line 177.
(pdftex.def)             Requested size: 418.25368pt x 256.70276pt.
 [9

] <pics/demo.png, id=178, 678.28406pt x 414.79968pt>
File: pics/demo.png Graphic file (type png)

<use pics/demo.png>
Package pdftex.def Info: pics/demo.png used on input line 188.
(pdftex.def)             Requested size: 418.25368pt x 255.77437pt.
 [10 <C:/Users/patrick.bellositz/git/bakk/bakk/pics/input.png>] [11 <C:/Users/p
atrick.bellositz/git/bakk/bakk/pics/demo.png>] [12

]
No file example_to_thesis.bbl.
No file example_to_thesis.ind.
No file example_to_thesis.gls.
No file example_to_thesis.acr.
[13]
No complaints by nag.
\tf@toc=\write10
Package atveryend Info: Empty hook `BeforeClearDocument' on input line 207.
Package atveryend Info: Empty hook `AfterLastShipout' on input line 207.
(C:\Users\patrick.bellositz\git\bakk\bakk\example_to_thesis.aux)
Package atveryend Info: Executing hook `AtVeryEndDocument' on input line 207.
Package atveryend Info: Executing hook `AtEndAfterFileList' on input line 207.
Package rerunfilecheck Info: File `example_to_thesis.out' has not changed.
(rerunfilecheck)             Checksum: 5FCE2F16FE9F0DA79F1D40B0D0EBBC87;539.
 ) 
Here is how much of TeX's memory you used:
 29794 strings out of 493921
 523783 string characters out of 3144840
 733597 words of memory out of 3000000
 32389 multiletter control sequences out of 15000+200000
 94880 words of font info for 103 fonts, out of 3000000 for 9000
 841 hyphenation exceptions out of 8191
 60i,18n,54p,1806b,636s stack positions out of 5000i,500n,10000p,200000b,50000s
{C:/Program Files (x86)/MiKTeX 2.9/fonts/enc/dvips/lm/lm-mathex.enc}{C:/Progr
am Files (x86)/MiKTeX 2.9/fonts/enc/dvips/lm/lm-mathit.enc}{C:/Program Files (x
86)/MiKTeX 2.9/fonts/enc/dvips/lm/lm-mathsy.enc}{C:/Program Files (x86)/MiKTeX 
2.9/fonts/enc/dvips/lm/lm-rm.enc}{C:/Program Files (x86)/MiKTeX 2.9/fonts/enc/d
vips/lm/lm-ec.enc}{C:/Program Files (x86)/MiKTeX 2.9/fonts/enc/dvips/fontname/8
r.enc}<C:/Program Files (x86)/MiKTeX 2.9/fonts/type1/public/lm/lmbx10.pfb><C:/P
rogram Files (x86)/MiKTeX 2.9/fonts/type1/public/lm/lmbx12.pfb><C:/Program File
s (x86)/MiKTeX 2.9/fonts/type1/public/lm/lmex10.pfb><C:/Program Files (x86)/MiK
TeX 2.9/fonts/type1/public/lm/lmmi10.pfb><C:/Program Files (x86)/MiKTeX 2.9/fon
ts/type1/public/lm/lmmi8.pfb><C:/Program Files (x86)/MiKTeX 2.9/fonts/type1/pub
lic/lm/lmr10.pfb><C:/Program Files (x86)/MiKTeX 2.9/fonts/type1/public/lm/lmr17
.pfb><C:/Program Files (x86)/MiKTeX 2.9/fonts/type1/public/lm/lmr8.pfb><C:/Prog
ram Files (x86)/MiKTeX 2.9/fonts/type1/public/lm/lmri10.pfb><C:/Program Files (
x86)/MiKTeX 2.9/fonts/type1/public/lm/lmss12.pfb><C:/Program Files (x86)/MiKTeX
 2.9/fonts/type1/public/lm/lmsy10.pfb><C:/Program Files (x86)/MiKTeX 2.9/fonts/
type1/public/lm/lmsy8.pfb><C:/Program Files (x86)/MiKTeX 2.9/fonts/type1/urw/he
lvetic/uhvb8a.pfb><C:/Program Files (x86)/MiKTeX 2.9/fonts/type1/urw/helvetic/u
hvr8a.pfb>
Output written on example_to_thesis.pdf (25 pages, 290955 bytes).
PDF statistics:
 262 PDF objects out of 1000 (max. 8388607)
 43 named destinations out of 1000 (max. 500000)
 21110 words of extra memory for PDF output out of 24883 (max. 10000000)

